INFO: [VRFC 10-2263] Analyzing Verilog file "/home/ahmetenesturan/Projects/SSTU/SSTU_lib/adders.v" into library xil_defaultlib
INFO: [VRFC 10-311] analyzing module HA
INFO: [VRFC 10-311] analyzing module FA
INFO: [VRFC 10-311] analyzing module multiplier
INFO: [VRFC 10-2263] Analyzing Verilog file "/home/ahmetenesturan/Projects/SSTU/project1/SSTU_Project1/SSTU_Project1.srcs/sources_1/new/wallace_tree_multiplier.v" into library xil_defaultlib
INFO: [VRFC 10-311] analyzing module wallace_tree_multiplier
ERROR: [VRFC 10-2989] 'r2_31' is not declared [/home/ahmetenesturan/Projects/SSTU/project1/SSTU_Project1/SSTU_Project1.srcs/sources_1/new/wallace_tree_multiplier.v:640]
ERROR: [VRFC 10-2989] 'r2_31' is not declared [/home/ahmetenesturan/Projects/SSTU/project1/SSTU_Project1/SSTU_Project1.srcs/sources_1/new/wallace_tree_multiplier.v:782]
ERROR: [VRFC 10-2989] 'r_5_0' is not declared [/home/ahmetenesturan/Projects/SSTU/project1/SSTU_Project1/SSTU_Project1.srcs/sources_1/new/wallace_tree_multiplier.v:1059]
ERROR: [VRFC 10-2989] 'r_5_1' is not declared [/home/ahmetenesturan/Projects/SSTU/project1/SSTU_Project1/SSTU_Project1.srcs/sources_1/new/wallace_tree_multiplier.v:1060]
ERROR: [VRFC 10-2989] 'r_5_2' is not declared [/home/ahmetenesturan/Projects/SSTU/project1/SSTU_Project1/SSTU_Project1.srcs/sources_1/new/wallace_tree_multiplier.v:1061]
ERROR: [VRFC 10-2989] 'r_5_3' is not declared [/home/ahmetenesturan/Projects/SSTU/project1/SSTU_Project1/SSTU_Project1.srcs/sources_1/new/wallace_tree_multiplier.v:1062]
ERROR: [VRFC 10-2989] 'r_5_4' is not declared [/home/ahmetenesturan/Projects/SSTU/project1/SSTU_Project1/SSTU_Project1.srcs/sources_1/new/wallace_tree_multiplier.v:1063]
ERROR: [VRFC 10-2989] 'r_5_5' is not declared [/home/ahmetenesturan/Projects/SSTU/project1/SSTU_Project1/SSTU_Project1.srcs/sources_1/new/wallace_tree_multiplier.v:1064]
ERROR: [VRFC 10-2989] 'r_5_6' is not declared [/home/ahmetenesturan/Projects/SSTU/project1/SSTU_Project1/SSTU_Project1.srcs/sources_1/new/wallace_tree_multiplier.v:1065]
ERROR: [VRFC 10-2989] 'r_5_7' is not declared [/home/ahmetenesturan/Projects/SSTU/project1/SSTU_Project1/SSTU_Project1.srcs/sources_1/new/wallace_tree_multiplier.v:1066]
ERROR: [VRFC 10-2989] 'r_5_8' is not declared [/home/ahmetenesturan/Projects/SSTU/project1/SSTU_Project1/SSTU_Project1.srcs/sources_1/new/wallace_tree_multiplier.v:1067]
ERROR: [VRFC 10-2989] 'r_5_9' is not declared [/home/ahmetenesturan/Projects/SSTU/project1/SSTU_Project1/SSTU_Project1.srcs/sources_1/new/wallace_tree_multiplier.v:1068]
ERROR: [VRFC 10-2989] 'r_5_10' is not declared [/home/ahmetenesturan/Projects/SSTU/project1/SSTU_Project1/SSTU_Project1.srcs/sources_1/new/wallace_tree_multiplier.v:1069]
ERROR: [VRFC 10-2989] 'r_5_11' is not declared [/home/ahmetenesturan/Projects/SSTU/project1/SSTU_Project1/SSTU_Project1.srcs/sources_1/new/wallace_tree_multiplier.v:1070]
ERROR: [VRFC 10-2989] 'r_5_12' is not declared [/home/ahmetenesturan/Projects/SSTU/project1/SSTU_Project1/SSTU_Project1.srcs/sources_1/new/wallace_tree_multiplier.v:1071]
ERROR: [VRFC 10-2989] 'r_5_13' is not declared [/home/ahmetenesturan/Projects/SSTU/project1/SSTU_Project1/SSTU_Project1.srcs/sources_1/new/wallace_tree_multiplier.v:1072]
ERROR: [VRFC 10-2989] 'r_5_14' is not declared [/home/ahmetenesturan/Projects/SSTU/project1/SSTU_Project1/SSTU_Project1.srcs/sources_1/new/wallace_tree_multiplier.v:1073]
ERROR: [VRFC 10-2989] 'r_5_15' is not declared [/home/ahmetenesturan/Projects/SSTU/project1/SSTU_Project1/SSTU_Project1.srcs/sources_1/new/wallace_tree_multiplier.v:1074]
ERROR: [VRFC 10-2989] 'r_5_16' is not declared [/home/ahmetenesturan/Projects/SSTU/project1/SSTU_Project1/SSTU_Project1.srcs/sources_1/new/wallace_tree_multiplier.v:1075]
INFO: [#UNDEF] Sorry, too many errors..
